build/app/outputs/mapping/release/seeds.txt
test.com.example.test_new.MainActivity: MainActivity()
test.com.example.test_new.MainActivity
...
com.dexterous.flutterlocalnotifications.RepeatInterval: com.dexterous.flutterlocalnotifications.RepeatInterval EveryMinute
io.flutter.embedding.android.FlutterSplashView$SavedState: java.lang.String access$600(io.flutter.embedding.android.FlutterSplashView$SavedState)
io.flutter.embedding.engine.FlutterJNI: android.graphics.Bitmap decodeImage(java.nio.ByteBuffer,long)
androidx.lifecycle.ReflectiveGenericLifecycleObserver
androidx.appcompat.widget.LinearLayoutCompat
com.dexterous.flutterlocalnotifications.models.NotificationDetails: void readInboxStyleInformation(com.dexterous.flutterlocalnotifications.models.NotificationDetails,java.util.Map,com.dexterous.flutterlocalnotifications.models.styles.DefaultStyleInformation)
com.dexterous.flutterlocalnotifications.models.ScheduledNotificationRepeatFrequency: com.dexterous.flutterlocalnotifications.models.ScheduledNotificationRepeatFrequency[] $VALUES
com.dexterous.flutterlocalnotifications.models.NotificationChannelDetails
com.dexterous.flutterlocalnotifications.models.NotificationDetails: void readGroupingInformation(com.dexterous.flutterlocalnotifications.models.NotificationDetails,java.util.Map)
androidx.appcompat.widget.AppCompatSpinner: android.graphics.drawable.Drawable getPopupBackground()
androidx.appcompat.widget.Toolbar: void setTitleMarginBottom(int)
androidx.appcompat.widget.AppCompatTextView: android.content.res.ColorStateList getSupportCompoundDrawablesTintList()
androidx.appcompat.widget.AppCompatTextView: android.graphics.PorterDuff$Mode getSupportCompoundDrawablesTintMode()
com.google.android.gms.internal.firebase-auth-api.zziz: com.google.android.gms.internal.firebase-auth-api.zzjc zzf
org.threeten.bp.Period: java.lang.Object readResolve()
com.google.firebase.heartbeatinfo.HeartBeatInfo$HeartBeat: com.google.firebase.heartbeatinfo.HeartBeatInfo$HeartBeat valueOf(java.lang.String)
androidx.appcompat.view.menu.ListMenuItemView: void setCheckable(boolean)
com.google.firebase.database.core.view.Event$EventType: com.google.firebase.database.core.view.Event$EventType valueOf(java.lang.String)
com.google.firebase.auth.api.fallback.service.FirebaseAuthFallbackService: FirebaseAuthFallbackService()
io.flutter.plugin.editing.ImeSyncDeferringInsetsCallback: boolean access$300(io.flutter.plugin.editing.ImeSyncDeferringInsetsCallback)
androidx.biometric.BiometricPrompt$AuthenticationCallback: BiometricPrompt$AuthenticationCallback()
io.flutter.plugins.GeneratedPluginRegistrant: GeneratedPluginRegistrant()
com.dexterous.flutterlocalnotifications.FlutterLocalNotificationsPlugin: int getDrawableResourceId(android.content.Context,java.lang.String)
androidx.appcompat.widget.ActionBarContextView: java.lang.CharSequence getTitle()
androidx.appcompat.widget.AppCompatButton: void setSupportCompoundDrawablesTintMode(android.graphics.PorterDuff$Mode)
com.dexterous.flutterlocalnotifications.FlutterLocalNotificationsPlugin: void setCategory(com.dexterous.flutterlocalnotifications.models.NotificationDetails,androidx.core.app.NotificationCompat$Builder)
com.dexterous.flutterlocalnotifications.FlutterLocalNotificationsPlugin: void schedule(io.flutter.plugin.common.MethodCall,io.flutter.plugin.common.MethodChannel$Result)
com.google.firebase.messaging.FirebaseMessagingRegistrar: java.util.List getComponents()
androidx.appcompat.view.menu.ExpandedMenuView: int getWindowAnimations()
com.dexterous.flutterlocalnotifications.models.IconSource: com.dexterous.flutterlocalnotifications.models.IconSource valueOf(java.lang.String)
androidx.media.AudioAttributesImplApi26Parcelizer: androidx.media.AudioAttributesImplApi26 read(androidx.versionedparcelable.VersionedParcel)
com.dexterous.flutterlocalnotifications.RepeatInterval
com.google.firebase.storage.StorageRegistrar: java.util.List getComponents()