build/app/outputs/mapping/release/usage.txt
test.com.example.test_new.R$xml
test.com.example.test_new.R$integer
test.com.example.test_new.BuildConfig
test.com.example.test_new.R$attr
test.com.example.test_new.R$dimen
test.com.example.test_new.R$interpolator
test.com.example.test_new.R$anim
test.com.example.test_new.R$bool
test.com.example.test_new.R$animator
test.com.example.test_new.R$style
test.com.example.test_new.R$mipmap
test.com.example.test_new.R$drawable
test.com.example.test_new.R$color
test.com.example.test_new.R
test.com.example.test_new.R$styleable
test.com.example.test_new.R$string
test.com.example.test_new.R$layout
test.com.example.test_new.R$array
test.com.example.test_new.R$id
...
androidx.lifecycle.LifecycleRegistry:
    public static androidx.lifecycle.LifecycleRegistry createUnsafe(androidx.lifecycle.LifecycleOwner)
    public int getObserverCount()
com.google.firebase.storage.internal.AdaptiveStreamBuffer:
    private static final java.lang.String TAG
com.google.android.gms.common.util.concurrent.HandlerExecutor
com.google.firebase.database.core.TokenProvider:
    public abstract void removeTokenChangeListener(com.google.firebase.database.core.TokenProvider$TokenChangeListener)
androidx.appcompat.widget.ActionBarContextView:
    public boolean hideOverflowMenu()
    public boolean isOverflowMenuShowing()
    public synthetic bridge void dismissPopupMenus()
    public synthetic bridge boolean canShowOverflowMenu()
    public synthetic bridge boolean isOverflowReserved()
    public synthetic bridge boolean isOverflowMenuShowPending()
    public synthetic bridge void postShowOverflowMenu()
    public synthetic bridge void animateToVisibility(int)
io.flutter.plugins.sharedpreferences.R$id
androidx.browser.browseractions.BrowserActionsFallbackMenuUi$2
androidx.fragment.app.FragmentHostCallback:
    public void <init>(android.content.Context,android.os.Handler,int)
    public void onDump(java.lang.String,java.io.FileDescriptor,java.io.PrintWriter,java.lang.String[])
    public void onStartActivityFromFragment(androidx.fragment.app.Fragment,android.content.Intent,int)
    public void onStartIntentSenderFromFragment(androidx.fragment.app.Fragment,android.content.IntentSender,int,android.content.Intent,int,int,int,android.os.Bundle)
    public void onRequestPermissionsFromFragment(androidx.fragment.app.Fragment,java.lang.String[],int)
    public boolean onShouldShowRequestPermissionRationale(java.lang.String)
    public boolean onHasWindowAnimations()
    public int onGetWindowAnimations()
android.support.v4.media.session.IMediaControllerCallback$Stub:
    public static android.support.v4.media.session.IMediaControllerCallback asInterface(android.os.IBinder)
    private static final java.lang.String DESCRIPTOR
    static final int TRANSACTION_onEvent
    static final int TRANSACTION_onSessionDestroyed
    static final int TRANSACTION_onPlaybackStateChanged
    static final int TRANSACTION_onMetadataChanged
    static final int TRANSACTION_onQueueChanged
    static final int TRANSACTION_onQueueTitleChanged
    static final int TRANSACTION_onExtrasChanged
    static final int TRANSACTION_onVolumeInfoChanged
    static final int TRANSACTION_onRepeatModeChanged
    static final int TRANSACTION_onShuffleModeChangedRemoved
    static final int TRANSACTION_onCaptioningEnabledChanged
    static final int TRANSACTION_onShuffleModeChanged
    static final int TRANSACTION_onSessionReady
com.google.gson.internal.LinkedHashTreeMap$KeySet